2025-10-10 12:21:10,094 [INFO] Activator:176 - 


2025-10-10 12:21:10,103 [INFO] Activator:177 - !SESSION log4j initialized
2025-10-10 12:21:27,082 [INFO] LogOutputStream:77 - [STDOUT_REDIRECT] 
2025-10-10 12:21:28,582 [ERROR] LogOutputStream:75 - [STDERR_REDIRECT] out. 10, 2025 12:21:28 PM org.eclipse.lsp4j.jsonrpc.services.GenericEndpoint notify
2025-10-10 12:21:28,586 [ERROR] LogOutputStream:75 - [STDERR_REDIRECT] ADVERTÊNCIA: Unsupported notification method: statusNotification
2025-10-10 12:21:28,586 [ERROR] LogOutputStream:75 - [STDERR_REDIRECT] 
2025-10-10 12:21:28,591 [ERROR] LogOutputStream:75 - [STDERR_REDIRECT] out. 10, 2025 12:21:28 PM org.eclipse.lsp4j.jsonrpc.services.GenericEndpoint notify
2025-10-10 12:21:28,592 [ERROR] LogOutputStream:75 - [STDERR_REDIRECT] ADVERTÊNCIA: Unsupported notification method: didChangeStatus
2025-10-10 12:21:28,593 [ERROR] LogOutputStream:75 - [STDERR_REDIRECT] 
2025-10-10 12:21:28,599 [ERROR] LogOutputStream:75 - [STDERR_REDIRECT] out. 10, 2025 12:21:28 PM org.eclipse.lsp4j.jsonrpc.services.GenericEndpoint notify
2025-10-10 12:21:28,601 [ERROR] LogOutputStream:75 - [STDERR_REDIRECT] ADVERTÊNCIA: Unsupported notification method: conversation/preconditionsNotification
2025-10-10 12:21:28,602 [ERROR] LogOutputStream:75 - [STDERR_REDIRECT] 
2025-10-10 12:21:32,942 [INFO] ApplicationProperties:184 - Using Application install path: C:\ST\STM32CubeIDE_1.16.1\STM32CubeIDE\plugins\com.st.stm32cube.common.mx_6.15.0.202507011659
2025-10-10 12:21:32,977 [INFO] DbMcusXml:78 - Set database path to: C:\ST\STM32CubeIDE_1.16.1\STM32CubeIDE\plugins\com.st.stm32cube.common.mx_6.15.0.202507011659\\db\/mcu/
2025-10-10 12:21:32,978 [INFO] ApiDb:274 - Set plugin database path to: C:\ST\STM32CubeIDE_1.16.1\STM32CubeIDE\plugins\com.st.stm32cube.common.mx_6.15.0.202507011659\\db\/plugins/boardmanager/
2025-10-10 12:21:32,978 [WARN] ApiDb:259 - Overriding images path with different value:  => C:\ST\STM32CubeIDE_1.16.1\STM32CubeIDE\plugins\com.st.stm32cube.common.mx_6.15.0.202507011659\\db\/plugins/mcufinder/images/
2025-10-10 12:21:33,008 [INFO] ApiDb:250 - Set database path to: C:\Users\lucas.silva.JASSY\.stmcufinder\plugins\mcufinder//mcu/
2025-10-10 12:21:33,010 [INFO] DbMcusAds:125 - Set database path to: C:\Users\lucas.silva.JASSY\.stmcufinder\plugins\mcufinder//mcu/
2025-10-10 12:21:33,015 [INFO] CrossReferenceDbSqlite:203 - Set database path to: C:\Users\lucas.silva.JASSY\.stmcufinder\plugins\mcufinder//mcu/cs/
2025-10-10 12:21:33,247 [INFO] RulesReader:64 - Compatibility file has been processed (317 Rules)
2025-10-10 12:21:33,404 [INFO] DbMcusXml:78 - Set database path to: C:\ST\STM32CubeIDE_1.16.1\STM32CubeIDE\plugins\com.st.stm32cube.common.mx_6.15.0.202507011659\\db\/mcu/
2025-10-10 12:21:33,404 [INFO] ApiDb:274 - Set plugin database path to: C:\ST\STM32CubeIDE_1.16.1\STM32CubeIDE\plugins\com.st.stm32cube.common.mx_6.15.0.202507011659\\db\/plugins/boardmanager/
2025-10-10 12:21:33,404 [INFO] ApiDb:261 - Set plugin images path to: C:\ST\STM32CubeIDE_1.16.1\STM32CubeIDE\plugins\com.st.stm32cube.common.mx_6.15.0.202507011659\\db\/plugins/mcufinder/images/
2025-10-10 12:21:33,405 [WARN] DbFile:41 - Overriding database path with different value: C:\Users\lucas.silva.JASSY\.stmcufinder\plugins\mcufinder/ => C:\Users\lucas.silva.JASSY\.stmcufinder\plugins\mcufinder
2025-10-10 12:21:33,405 [INFO] ApiDb:250 - Set database path to: C:\Users\lucas.silva.JASSY\.stmcufinder\plugins\mcufinder//mcu/
2025-10-10 12:21:33,405 [WARN] DbFile:41 - Overriding database path with different value: C:\Users\lucas.silva.JASSY\.stmcufinder\plugins\mcufinder/ => C:\Users\lucas.silva.JASSY\.stmcufinder\plugins\mcufinder
2025-10-10 12:21:33,405 [INFO] DbMcusAds:125 - Set database path to: C:\Users\lucas.silva.JASSY\.stmcufinder\plugins\mcufinder//mcu/
2025-10-10 12:21:33,405 [WARN] DbFile:41 - Overriding database path with different value: C:\Users\lucas.silva.JASSY\.stmcufinder\plugins\mcufinder/ => C:\Users\lucas.silva.JASSY\.stmcufinder\plugins\mcufinder
2025-10-10 12:21:33,405 [WARN] DbFile:41 - Overriding database path with different value: C:\Users\lucas.silva.JASSY\.stmcufinder\plugins\mcufinder/ => C:\Users\lucas.silva.JASSY\.stmcufinder\plugins\mcufinder
2025-10-10 12:21:33,405 [INFO] CrossReferenceDbSqlite:203 - Set database path to: C:\Users\lucas.silva.JASSY\.stmcufinder\plugins\mcufinder//mcu/cs/
2025-10-10 12:21:33,553 [INFO] MainPanel:274 - HeapMemory: 268435456
2025-10-10 12:21:33,788 [INFO] DbMcusXml:78 - Set database path to: C:\ST\STM32CubeIDE_1.16.1\STM32CubeIDE\plugins\com.st.stm32cube.common.mx_6.15.0.202507011659\\db\/mcu/
2025-10-10 12:21:33,789 [INFO] ApiDb:274 - Set plugin database path to: C:\ST\STM32CubeIDE_1.16.1\STM32CubeIDE\plugins\com.st.stm32cube.common.mx_6.15.0.202507011659\\db\/plugins/boardmanager/
2025-10-10 12:21:33,789 [INFO] ApiDb:261 - Set plugin images path to: C:\ST\STM32CubeIDE_1.16.1\STM32CubeIDE\plugins\com.st.stm32cube.common.mx_6.15.0.202507011659\\db\/plugins/mcufinder/images/
2025-10-10 12:21:33,790 [WARN] DbFile:41 - Overriding database path with different value: C:\Users\lucas.silva.JASSY\.stmcufinder\plugins\mcufinder/ => C:\Users\lucas.silva.JASSY\.stmcufinder\plugins\mcufinder
2025-10-10 12:21:33,790 [INFO] ApiDb:250 - Set database path to: C:\Users\lucas.silva.JASSY\.stmcufinder\plugins\mcufinder//mcu/
2025-10-10 12:21:33,790 [WARN] DbFile:41 - Overriding database path with different value: C:\Users\lucas.silva.JASSY\.stmcufinder\plugins\mcufinder/ => C:\Users\lucas.silva.JASSY\.stmcufinder\plugins\mcufinder
2025-10-10 12:21:33,790 [INFO] DbMcusAds:125 - Set database path to: C:\Users\lucas.silva.JASSY\.stmcufinder\plugins\mcufinder//mcu/
2025-10-10 12:21:33,790 [WARN] DbFile:41 - Overriding database path with different value: C:\Users\lucas.silva.JASSY\.stmcufinder\plugins\mcufinder/ => C:\Users\lucas.silva.JASSY\.stmcufinder\plugins\mcufinder
2025-10-10 12:21:33,790 [WARN] DbFile:41 - Overriding database path with different value: C:\Users\lucas.silva.JASSY\.stmcufinder\plugins\mcufinder/ => C:\Users\lucas.silva.JASSY\.stmcufinder\plugins\mcufinder
2025-10-10 12:21:33,791 [INFO] CrossReferenceDbSqlite:203 - Set database path to: C:\Users\lucas.silva.JASSY\.stmcufinder\plugins\mcufinder//mcu/cs/
2025-10-10 12:21:33,827 [INFO] ApplicationProperties:184 - Using Application install path: C:\ST\STM32CubeIDE_1.16.1\STM32CubeIDE\plugins\com.st.stm32cube.common.mx_6.15.0.202507011659
2025-10-10 12:21:33,829 [INFO] PluginManage:196 - Search for loadable plugins [exclusion list=, ]
2025-10-10 12:21:33,833 [INFO] PluginManage:310 - Check plugin analytics
2025-10-10 12:21:34,271 [INFO] AnalyticsPlugin:253 - Accepted Software Licenses: STM32CubeMX.6.15.0
2025-10-10 12:21:34,272 [INFO] AnalyticsPlugin:255 - Accepted CMSIS Pack Licenses: STMicroelectronics.X-CUBE-MEMS1.11.3.0
2025-10-10 12:21:34,272 [INFO] AnalyticsPlugin:257 - Accepted Firmware Licenses: 
2025-10-10 12:21:34,280 [INFO] PluginManage:359 - Loaded plugin analytics (category:tool,tabindex:-1)
2025-10-10 12:21:34,281 [INFO] PluginManage:310 - Check plugin cadmodel
2025-10-10 12:21:34,318 [INFO] CADModel:105 - Init CAD model plugin
2025-10-10 12:21:34,319 [INFO] PluginManage:359 - Loaded plugin cadmodel (category:power,tabindex:5)
2025-10-10 12:21:34,319 [INFO] PluginManage:310 - Check plugin clock
2025-10-10 12:21:34,361 [INFO] PluginManage:359 - Loaded plugin clock (category:base,tabindex:2)
2025-10-10 12:21:34,361 [INFO] PluginManage:310 - Check plugin ddr
2025-10-10 12:21:34,367 [INFO] PluginManage:359 - Loaded plugin ddr (category:tool,tabindex:6)
2025-10-10 12:21:34,367 [INFO] PluginManage:310 - Check plugin filemanager
2025-10-10 12:21:34,681 [INFO] PluginManage:359 - Loaded plugin filemanager (category:base,tabindex:10)
2025-10-10 12:21:34,682 [INFO] PluginManage:310 - Check plugin ipmanager
2025-10-10 12:21:34,698 [INFO] PluginManage:359 - Loaded plugin ipmanager (category:base,tabindex:5)
2025-10-10 12:21:34,698 [INFO] PluginManage:310 - Check plugin lpbam
2025-10-10 12:21:34,746 [INFO] PluginManage:359 - Loaded plugin lpbam (category:base,tabindex:0)
2025-10-10 12:21:34,746 [INFO] PluginManage:310 - Check plugin memorymap
2025-10-10 12:21:34,797 [INFO] PluginManage:359 - Loaded plugin memorymap (category:base,tabindex:4)
2025-10-10 12:21:34,798 [INFO] PluginManage:310 - Check plugin pinoutandconfiguration
2025-10-10 12:21:34,839 [INFO] PluginManage:359 - Loaded plugin pinoutandconfiguration (category:base,tabindex:1)
2025-10-10 12:21:34,839 [INFO] PluginManage:310 - Check plugin pinoutconfig
2025-10-10 12:21:35,027 [WARN] SupportedApi:132 - Cannot load RTOS API schema: s4s-elt-must-match.1: The content of 'definitions' must match (annotation?, (simpleType | complexType)?, (unique | key | keyref)*)). A problem was found starting at: attribute.
2025-10-10 12:21:35,367 [INFO] PluginManage:359 - Loaded plugin pinoutconfig (category:base,tabindex:0)
2025-10-10 12:21:35,367 [INFO] PluginManage:310 - Check plugin power
2025-10-10 12:21:35,427 [INFO] PluginManage:359 - Loaded plugin power (category:power,tabindex:4)
2025-10-10 12:21:35,427 [INFO] PluginManage:310 - Check plugin projectmanager
2025-10-10 12:21:35,465 [INFO] PluginManage:359 - Loaded plugin projectmanager (category:projectmanager,tabindex:4)
2025-10-10 12:21:35,465 [INFO] PluginManage:310 - Check plugin rif
2025-10-10 12:21:35,517 [INFO] PluginManage:359 - Loaded plugin rif (category:base,tabindex:3)
2025-10-10 12:21:35,518 [INFO] PluginManage:310 - Check plugin thirdparty
2025-10-10 12:21:36,138 [INFO] PluginManage:359 - Loaded plugin thirdparty (category:base,tabindex:-1)
2025-10-10 12:21:36,138 [INFO] PluginManage:310 - Check plugin tools
2025-10-10 12:21:36,138 [WARN] IntegrityCheckThread:84 - waiting for thirdparty lock release [integrity check]
2025-10-10 12:21:36,138 [INFO] IntegrityCheckThread:86 - entering critical section [integrity check]
2025-10-10 12:21:36,139 [INFO] ThirdPartyUpdaterWithRetryManager:70 - Updater plugin not ready yet. [1/15]
2025-10-10 12:21:36,228 [INFO] PluginManage:359 - Loaded plugin tools (category:base,tabindex:7)
2025-10-10 12:21:36,229 [INFO] PluginManage:310 - Check plugin tutovideos
2025-10-10 12:21:36,716 [INFO] PluginManage:359 - Loaded plugin tutovideos (category:base,tabindex:-1)
2025-10-10 12:21:36,717 [INFO] PluginManage:310 - Check plugin updater
2025-10-10 12:21:36,762 [INFO] PluginManage:359 - Loaded plugin updater (category:base,tabindex:12)
2025-10-10 12:21:36,762 [INFO] PluginManage:310 - Check plugin userauth
2025-10-10 12:21:36,771 [INFO] UserAuth:118 - Init User Auth plugin
2025-10-10 12:21:36,773 [INFO] PluginManage:359 - Loaded plugin userauth (category:base,tabindex:14)
2025-10-10 12:21:36,775 [INFO] PluginManage:283 - PluginManage : Loaded plugins [18]
2025-10-10 12:21:37,187 [INFO] PinOutPanel:1589 - setPackage(No Configuration,No Configuration)
2025-10-10 12:21:37,354 [INFO] CADModel:165 - CPN selected for project level
2025-10-10 12:21:37,355 [INFO] CADModel:114 - Register for checkConnection events
2025-10-10 12:21:37,415 [INFO] IPUIPlugin:80 - create IPUIPlugin
2025-10-10 12:21:37,416 [INFO] PluginManager:220 - loadIPPluginJar : add adc
2025-10-10 12:21:37,510 [INFO] IPUIPlugin:80 - create IPUIPlugin
2025-10-10 12:21:37,510 [INFO] PluginManager:220 - loadIPPluginJar : add aes
2025-10-10 12:21:37,627 [INFO] IPUIPlugin:80 - create IPUIPlugin
2025-10-10 12:21:37,628 [INFO] PluginManager:220 - loadIPPluginJar : add can
2025-10-10 12:21:37,688 [INFO] IPUIPlugin:80 - create IPUIPlugin
2025-10-10 12:21:37,689 [INFO] PluginManager:220 - loadIPPluginJar : add comp
2025-10-10 12:21:37,770 [INFO] IPUIPlugin:80 - create IPUIPlugin
2025-10-10 12:21:37,770 [INFO] PluginManager:220 - loadIPPluginJar : add cryp
2025-10-10 12:21:37,802 [INFO] IPUIPlugin:80 - create IPUIPlugin
2025-10-10 12:21:37,802 [INFO] PluginManager:220 - loadIPPluginJar : add ddr_ctrl_phy
2025-10-10 12:21:37,891 [INFO] IPUIPlugin:80 - create IPUIPlugin
2025-10-10 12:21:37,891 [INFO] PluginManager:220 - loadIPPluginJar : add dfsdm
2025-10-10 12:21:37,930 [INFO] IPUIPlugin:80 - create IPUIPlugin
2025-10-10 12:21:37,931 [INFO] PluginManager:220 - loadIPPluginJar : add dma
2025-10-10 12:21:38,054 [INFO] IPUIPlugin:80 - create IPUIPlugin
2025-10-10 12:21:38,055 [INFO] PluginManager:220 - loadIPPluginJar : add dma3
2025-10-10 12:21:38,158 [INFO] IPUIPlugin:80 - create IPUIPlugin
2025-10-10 12:21:38,158 [INFO] PluginManager:220 - loadIPPluginJar : add extmemmanager
2025-10-10 12:21:38,212 [INFO] IPUIPlugin:80 - create IPUIPlugin
2025-10-10 12:21:38,212 [INFO] PluginManager:220 - loadIPPluginJar : add fatfs
2025-10-10 12:21:38,319 [INFO] IPUIPlugin:80 - create IPUIPlugin
2025-10-10 12:21:38,319 [INFO] PluginManager:220 - loadIPPluginJar : add fmc
2025-10-10 12:21:38,353 [INFO] IPUIPlugin:80 - create IPUIPlugin
2025-10-10 12:21:38,353 [INFO] PluginManager:220 - loadIPPluginJar : add freertos
2025-10-10 12:21:38,407 [INFO] IPUIPlugin:80 - create IPUIPlugin
2025-10-10 12:21:38,407 [INFO] PluginManager:220 - loadIPPluginJar : add genericplugin
2025-10-10 12:21:38,640 [INFO] IPUIPlugin:80 - create IPUIPlugin
2025-10-10 12:21:38,640 [INFO] PluginManager:220 - loadIPPluginJar : add gfxmmu
2025-10-10 12:21:38,973 [INFO] IPUIPlugin:80 - create IPUIPlugin
2025-10-10 12:21:38,973 [INFO] PluginManager:220 - loadIPPluginJar : add gic
2025-10-10 12:21:39,002 [INFO] IPUIPlugin:80 - create IPUIPlugin
2025-10-10 12:21:39,002 [INFO] PluginManager:220 - loadIPPluginJar : add gpio
2025-10-10 12:21:39,141 [INFO] ThirdPartyUpdaterWithRetryManager:70 - Updater plugin not ready yet. [2/15]
2025-10-10 12:21:39,214 [INFO] IPUIPlugin:80 - create IPUIPlugin
2025-10-10 12:21:39,214 [INFO] PluginManager:220 - loadIPPluginJar : add gtzc
2025-10-10 12:21:39,289 [INFO] IPUIPlugin:80 - create IPUIPlugin
2025-10-10 12:21:39,289 [INFO] PluginManager:220 - loadIPPluginJar : add hash
2025-10-10 12:21:39,423 [INFO] IPUIPlugin:80 - create IPUIPlugin
2025-10-10 12:21:39,423 [INFO] PluginManager:220 - loadIPPluginJar : add i2c
2025-10-10 12:21:39,511 [INFO] IPUIPlugin:80 - create IPUIPlugin
2025-10-10 12:21:39,512 [INFO] PluginManager:220 - loadIPPluginJar : add i2s
2025-10-10 12:21:39,610 [INFO] IPUIPlugin:80 - create IPUIPlugin
2025-10-10 12:21:39,610 [INFO] PluginManager:220 - loadIPPluginJar : add i3c
2025-10-10 12:21:39,837 [INFO] IPUIPlugin:80 - create IPUIPlugin
2025-10-10 12:21:39,837 [INFO] PluginManager:220 - loadIPPluginJar : add ipddr
2025-10-10 12:21:40,049 [INFO] IPUIPlugin:80 - create IPUIPlugin
2025-10-10 12:21:40,050 [INFO] PluginManager:220 - loadIPPluginJar : add linkedlist
2025-10-10 12:21:40,132 [INFO] IPUIPlugin:80 - create IPUIPlugin
2025-10-10 12:21:40,133 [INFO] PluginManager:220 - loadIPPluginJar : add lorawan
2025-10-10 12:21:40,219 [INFO] IPUIPlugin:80 - create IPUIPlugin
2025-10-10 12:21:40,219 [INFO] PluginManager:220 - loadIPPluginJar : add ltdc
2025-10-10 12:21:40,248 [INFO] IPUIPlugin:80 - create IPUIPlugin
2025-10-10 12:21:40,248 [INFO] PluginManager:220 - loadIPPluginJar : add mdma
2025-10-10 12:21:40,273 [INFO] IPUIPlugin:80 - create IPUIPlugin
2025-10-10 12:21:40,274 [INFO] PluginManager:220 - loadIPPluginJar : add nvic
2025-10-10 12:21:40,374 [INFO] IPUIPlugin:80 - create IPUIPlugin
2025-10-10 12:21:40,374 [INFO] PluginManager:220 - loadIPPluginJar : add opamp
2025-10-10 12:21:40,522 [INFO] IPUIPlugin:80 - create IPUIPlugin
2025-10-10 12:21:40,522 [INFO] PluginManager:220 - loadIPPluginJar : add openamp
2025-10-10 12:21:40,624 [INFO] IPUIPlugin:80 - create IPUIPlugin
2025-10-10 12:21:40,625 [INFO] PluginManager:220 - loadIPPluginJar : add pdm2pcm
2025-10-10 12:21:40,662 [INFO] IPUIPlugin:80 - create IPUIPlugin
2025-10-10 12:21:40,666 [INFO] PluginManager:220 - loadIPPluginJar : add plateformsettings
2025-10-10 12:21:40,724 [INFO] IPUIPlugin:80 - create IPUIPlugin
2025-10-10 12:21:40,724 [INFO] PluginManager:220 - loadIPPluginJar : add quadspi
2025-10-10 12:21:40,791 [INFO] IPUIPlugin:80 - create IPUIPlugin
2025-10-10 12:21:40,793 [INFO] PluginManager:220 - loadIPPluginJar : add radio
2025-10-10 12:21:40,821 [INFO] IPUIPlugin:80 - create IPUIPlugin
2025-10-10 12:21:40,821 [INFO] PluginManager:220 - loadIPPluginJar : add resmgrutility
2025-10-10 12:21:40,936 [INFO] IPUIPlugin:80 - create IPUIPlugin
2025-10-10 12:21:40,936 [INFO] PluginManager:220 - loadIPPluginJar : add sai
2025-10-10 12:21:41,025 [INFO] IPUIPlugin:80 - create IPUIPlugin
2025-10-10 12:21:41,025 [INFO] PluginManager:220 - loadIPPluginJar : add spi
2025-10-10 12:21:41,192 [INFO] IPUIPlugin:80 - create IPUIPlugin
2025-10-10 12:21:41,193 [INFO] PluginManager:220 - loadIPPluginJar : add stm32_wpan
2025-10-10 12:21:41,254 [INFO] IPUIPlugin:80 - create IPUIPlugin
2025-10-10 12:21:41,254 [INFO] PluginManager:220 - loadIPPluginJar : add tim
2025-10-10 12:21:41,394 [INFO] IPUIPlugin:80 - create IPUIPlugin
2025-10-10 12:21:41,395 [INFO] PluginManager:220 - loadIPPluginJar : add touchsensing
2025-10-10 12:21:41,451 [INFO] IPUIPlugin:80 - create IPUIPlugin
2025-10-10 12:21:41,451 [INFO] PluginManager:220 - loadIPPluginJar : add tracer_emb
2025-10-10 12:21:41,513 [INFO] IPUIPlugin:80 - create IPUIPlugin
2025-10-10 12:21:41,513 [INFO] PluginManager:220 - loadIPPluginJar : add ts
2025-10-10 12:21:41,574 [INFO] IPUIPlugin:80 - create IPUIPlugin
2025-10-10 12:21:41,575 [INFO] PluginManager:220 - loadIPPluginJar : add tsc
2025-10-10 12:21:41,627 [INFO] IPUIPlugin:80 - create IPUIPlugin
2025-10-10 12:21:41,627 [INFO] PluginManager:220 - loadIPPluginJar : add ucpd
2025-10-10 12:21:41,728 [INFO] IPUIPlugin:80 - create IPUIPlugin
2025-10-10 12:21:41,728 [INFO] PluginManager:220 - loadIPPluginJar : add usart
2025-10-10 12:21:41,836 [INFO] IPUIPlugin:80 - create IPUIPlugin
2025-10-10 12:21:41,837 [INFO] PluginManager:220 - loadIPPluginJar : add usbx
2025-10-10 12:21:42,010 [FATAL] Updater:351 - Updater called before beeing initialized
2025-10-10 12:21:42,060 [INFO] RulesReader:64 - Compatibility file has been processed (317 Rules)
2025-10-10 12:21:42,080 [INFO] RulesReader:64 - Compatibility file has been processed (317 Rules)
2025-10-10 12:21:42,102 [INFO] CADModel:165 - CPN selected for project level
2025-10-10 12:21:42,102 [INFO] CADModel:114 - Register for checkConnection events
2025-10-10 12:21:42,102 [FATAL] Updater:351 - Updater called before beeing initialized
2025-10-10 12:21:42,102 [ERROR] CADModel:125 - Updater not yet initialized, retry later 
2025-10-10 12:21:42,143 [INFO] ThirdPartyUpdaterWithRetryManager:70 - Updater plugin not ready yet. [3/15]
2025-10-10 12:21:42,428 [FATAL] Updater:351 - Updater called before beeing initialized
2025-10-10 12:21:42,435 [INFO] CADModel:165 - CPN selected for project level
2025-10-10 12:21:42,436 [INFO] CADModel:114 - Register for checkConnection events
2025-10-10 12:21:42,436 [FATAL] Updater:351 - Updater called before beeing initialized
2025-10-10 12:21:42,437 [ERROR] CADModel:125 - Updater not yet initialized, retry later 
2025-10-10 12:21:42,448 [FATAL] Updater:351 - Updater called before beeing initialized
2025-10-10 12:21:42,781 [FATAL] Updater:351 - Updater called before beeing initialized
2025-10-10 12:21:42,803 [INFO] DbMcusAds:53 - JSON generation date=Tue Jul 08 05:14:23 BRT 2025 (1751962463541)
2025-10-10 12:21:42,803 [FATAL] Updater:351 - Updater called before beeing initialized
2025-10-10 12:21:42,873 [WARN] DetailPanel:346 - Failed to get advertising image, set to default
2025-10-10 12:21:43,017 [FATAL] Updater:351 - Updater called before beeing initialized
2025-10-10 12:21:43,019 [FATAL] Updater:351 - Updater called before beeing initialized
2025-10-10 12:21:43,019 [FATAL] Updater:351 - Updater called before beeing initialized
2025-10-10 12:21:43,019 [WARN] DetailPanel:346 - Failed to get advertising image, set to default
2025-10-10 12:21:43,021 [FATAL] Updater:351 - Updater called before beeing initialized
2025-10-10 12:21:43,143 [ERROR] Updater:1198 - MainUpdater not yet initialized. External WinMGr cannot be set.
2025-10-10 12:21:43,163 [INFO] Updater:1134 - Updater Version found : 6.15.0
2025-10-10 12:21:43,190 [INFO] ApplicationProperties:184 - Using Application install path: C:\ST\STM32CubeIDE_1.16.1\STM32CubeIDE\plugins\com.st.stm32cube.common.mx_6.15.0.202507011659
2025-10-10 12:21:44,782 [ERROR] LogOutputStream:75 - [STDERR_REDIRECT] Oct 10, 2025 12:21:44 PM java.util.prefs.WindowsPreferences <init>
2025-10-10 12:21:44,785 [ERROR] LogOutputStream:75 - [STDERR_REDIRECT] WARNING: Could not open/create prefs root node Software\JavaSoft\Prefs at root 0xffffffff80000002. Windows RegCreateKeyEx(...) returned error code 5.
2025-10-10 12:21:44,785 [ERROR] LogOutputStream:75 - [STDERR_REDIRECT] 
2025-10-10 12:21:45,144 [FATAL] Updater:351 - Updater called before beeing initialized
2025-10-10 12:21:45,145 [ERROR] IntegrityCheckThread:130 - Cannot retrieve database content from updater: error 21
2025-10-10 12:21:45,145 [INFO] ThirdParty:978 - Integrity check success = false
2025-10-10 12:21:45,145 [INFO] IntegrityCheckThread:100 - exiting critical section [integrity check]
2025-10-10 12:21:45,146 [INFO] IntegrityCheckThread:103 - End integrity checks thread
2025-10-10 12:21:46,213 [INFO] MainUpdater:2872 - connection check result : 10
2025-10-10 12:21:46,215 [INFO] MainUpdater:289 - Updater Check For Update Now.
2025-10-10 12:21:46,215 [INFO] MicroXplorer:498 - Change Database Version : DB.6.0.150
2025-10-10 12:21:46,272 [INFO] McuFinderGlobals:63 - Set McuFinder mode to 2 (CubeIDE integrated)
2025-10-10 12:21:46,289 [INFO] UserAuth:487 - Internet connection configuration mode: 1
2025-10-10 12:21:46,380 [INFO] JxBrowserEngine:152 - Initiate JxBrowser Engine with user profile folder
2025-10-10 12:21:46,556 [INFO] CheckServerUpdateThread:120 - End of CheckServer Thread
2025-10-10 12:21:49,344 [INFO] WebApp:169 - Instantiating new browser for Auth
2025-10-10 12:21:52,017 [INFO] WebApp:463 - Apply proxy settings
2025-10-10 12:21:52,019 [INFO] WebApp:548 - Chromium requires no authentication
2025-10-10 12:21:52,046 [INFO] WebApp:491 - Direct internet connection detected
2025-10-10 12:21:52,105 [INFO] WebApp:900 - Register for checkConnection events
2025-10-10 12:21:52,106 [INFO] WebApp:463 - Apply proxy settings
2025-10-10 12:21:52,106 [INFO] WebApp:548 - Chromium requires no authentication
2025-10-10 12:21:52,107 [INFO] WebApp:491 - Direct internet connection detected
2025-10-10 12:21:52,461 [INFO] WebApp:191 - Connection restablished
2025-10-10 12:21:52,686 [INFO] WebApp:225 - Starting web application
2025-10-10 12:21:52,688 [INFO] WebApp:593 - Web application path used C:\ST\STM32CubeIDE_1.16.1\STM32CubeIDE\plugins\com.st.stm32cube.common.mx_6.15.0.202507011659\db\plugins\mcufinder\reactClient1\index.html
2025-10-10 12:21:53,160 [INFO] UserAuth:487 - Internet connection configuration mode: 1
2025-10-10 12:34:02,154 [ERROR] LogOutputStream:75 - [STDERR_REDIRECT] Oct 10, 2025 12:34:02 PM org.eclipse.lsp4j.jsonrpc.services.GenericEndpoint notify
2025-10-10 12:34:02,157 [ERROR] LogOutputStream:75 - [STDERR_REDIRECT] WARNING: Unsupported notification method: statusNotification
2025-10-10 12:34:02,159 [ERROR] LogOutputStream:75 - [STDERR_REDIRECT] 
2025-10-10 12:34:02,164 [ERROR] LogOutputStream:75 - [STDERR_REDIRECT] Oct 10, 2025 12:34:02 PM org.eclipse.lsp4j.jsonrpc.services.GenericEndpoint notify
2025-10-10 12:34:02,168 [ERROR] LogOutputStream:75 - [STDERR_REDIRECT] WARNING: Unsupported notification method: didChangeStatus
2025-10-10 12:34:02,169 [ERROR] LogOutputStream:75 - [STDERR_REDIRECT] 
2025-10-10 12:34:03,254 [ERROR] LogOutputStream:75 - [STDERR_REDIRECT] Oct 10, 2025 12:34:03 PM org.eclipse.lsp4j.jsonrpc.services.GenericEndpoint notify
2025-10-10 12:34:03,258 [ERROR] LogOutputStream:75 - [STDERR_REDIRECT] WARNING: Unsupported notification method: statusNotification
2025-10-10 12:34:03,259 [ERROR] LogOutputStream:75 - [STDERR_REDIRECT] 
2025-10-10 12:34:03,264 [ERROR] LogOutputStream:75 - [STDERR_REDIRECT] Oct 10, 2025 12:34:03 PM org.eclipse.lsp4j.jsonrpc.services.GenericEndpoint notify
2025-10-10 12:34:03,266 [ERROR] LogOutputStream:75 - [STDERR_REDIRECT] WARNING: Unsupported notification method: didChangeStatus
2025-10-10 12:34:03,267 [ERROR] LogOutputStream:75 - [STDERR_REDIRECT] 
2025-10-10 12:34:03,326 [ERROR] LogOutputStream:75 - [STDERR_REDIRECT] Oct 10, 2025 12:34:03 PM org.eclipse.lsp4j.jsonrpc.services.GenericEndpoint notify
2025-10-10 12:34:03,328 [ERROR] LogOutputStream:75 - [STDERR_REDIRECT] WARNING: Unsupported notification method: statusNotification
2025-10-10 12:34:03,328 [ERROR] LogOutputStream:75 - [STDERR_REDIRECT] 
2025-10-10 12:34:03,330 [ERROR] LogOutputStream:75 - [STDERR_REDIRECT] Oct 10, 2025 12:34:03 PM org.eclipse.lsp4j.jsonrpc.services.GenericEndpoint notify
2025-10-10 12:34:03,331 [ERROR] LogOutputStream:75 - [STDERR_REDIRECT] WARNING: Unsupported notification method: didChangeStatus
2025-10-10 12:34:03,331 [ERROR] LogOutputStream:75 - [STDERR_REDIRECT] 
2025-10-10 12:34:03,675 [ERROR] LogOutputStream:75 - [STDERR_REDIRECT] Oct 10, 2025 12:34:03 PM org.eclipse.lsp4j.jsonrpc.services.GenericEndpoint notify
2025-10-10 12:34:03,677 [ERROR] LogOutputStream:75 - [STDERR_REDIRECT] WARNING: Unsupported notification method: statusNotification
2025-10-10 12:34:03,677 [ERROR] LogOutputStream:75 - [STDERR_REDIRECT] 
2025-10-10 12:34:03,680 [ERROR] LogOutputStream:75 - [STDERR_REDIRECT] Oct 10, 2025 12:34:03 PM org.eclipse.lsp4j.jsonrpc.services.GenericEndpoint notify
2025-10-10 12:34:03,682 [ERROR] LogOutputStream:75 - [STDERR_REDIRECT] WARNING: Unsupported notification method: didChangeStatus
2025-10-10 12:34:03,682 [ERROR] LogOutputStream:75 - [STDERR_REDIRECT] 
2025-10-10 12:34:03,702 [ERROR] LogOutputStream:75 - [STDERR_REDIRECT] Oct 10, 2025 12:34:03 PM org.eclipse.lsp4j.jsonrpc.services.GenericEndpoint notify
2025-10-10 12:34:03,703 [ERROR] LogOutputStream:75 - [STDERR_REDIRECT] WARNING: Unsupported notification method: statusNotification
2025-10-10 12:34:03,705 [ERROR] LogOutputStream:75 - [STDERR_REDIRECT] 
2025-10-10 12:34:03,707 [ERROR] LogOutputStream:75 - [STDERR_REDIRECT] Oct 10, 2025 12:34:03 PM org.eclipse.lsp4j.jsonrpc.services.GenericEndpoint notify
2025-10-10 12:34:03,709 [ERROR] LogOutputStream:75 - [STDERR_REDIRECT] WARNING: Unsupported notification method: didChangeStatus
2025-10-10 12:34:03,710 [ERROR] LogOutputStream:75 - [STDERR_REDIRECT] 
2025-10-10 12:34:04,054 [ERROR] LogOutputStream:75 - [STDERR_REDIRECT] Oct 10, 2025 12:34:04 PM org.eclipse.lsp4j.jsonrpc.services.GenericEndpoint notify
2025-10-10 12:34:04,058 [ERROR] LogOutputStream:75 - [STDERR_REDIRECT] WARNING: Unsupported notification method: statusNotification
2025-10-10 12:34:04,060 [ERROR] LogOutputStream:75 - [STDERR_REDIRECT] 
2025-10-10 12:34:04,067 [ERROR] LogOutputStream:75 - [STDERR_REDIRECT] Oct 10, 2025 12:34:04 PM org.eclipse.lsp4j.jsonrpc.services.GenericEndpoint notify
2025-10-10 12:34:04,070 [ERROR] LogOutputStream:75 - [STDERR_REDIRECT] WARNING: Unsupported notification method: didChangeStatus
2025-10-10 12:34:04,071 [ERROR] LogOutputStream:75 - [STDERR_REDIRECT] 
2025-10-10 12:34:06,192 [INFO] WebApp:194 - Connection lost
2025-10-10 12:34:06,444 [INFO] WebApp:191 - Connection restablished
2025-10-10 12:36:36,793 [ERROR] LogOutputStream:75 - [STDERR_REDIRECT] Oct 10, 2025 12:36:36 PM org.eclipse.lsp4j.jsonrpc.services.GenericEndpoint notify
2025-10-10 12:36:36,795 [ERROR] LogOutputStream:75 - [STDERR_REDIRECT] WARNING: Unsupported notification method: statusNotification
2025-10-10 12:36:36,796 [ERROR] LogOutputStream:75 - [STDERR_REDIRECT] 
2025-10-10 12:36:36,798 [ERROR] LogOutputStream:75 - [STDERR_REDIRECT] Oct 10, 2025 12:36:36 PM org.eclipse.lsp4j.jsonrpc.services.GenericEndpoint notify
2025-10-10 12:36:36,799 [ERROR] LogOutputStream:75 - [STDERR_REDIRECT] WARNING: Unsupported notification method: didChangeStatus
2025-10-10 12:36:36,799 [ERROR] LogOutputStream:75 - [STDERR_REDIRECT] 
2025-10-10 12:36:36,802 [ERROR] LogOutputStream:75 - [STDERR_REDIRECT] Oct 10, 2025 12:36:36 PM org.eclipse.lsp4j.jsonrpc.services.GenericEndpoint notify
2025-10-10 12:36:36,803 [ERROR] LogOutputStream:75 - [STDERR_REDIRECT] WARNING: Unsupported notification method: statusNotification
2025-10-10 12:36:36,804 [ERROR] LogOutputStream:75 - [STDERR_REDIRECT] 
2025-10-10 12:36:36,806 [ERROR] LogOutputStream:75 - [STDERR_REDIRECT] Oct 10, 2025 12:36:36 PM org.eclipse.lsp4j.jsonrpc.services.GenericEndpoint notify
2025-10-10 12:36:36,809 [ERROR] LogOutputStream:75 - [STDERR_REDIRECT] WARNING: Unsupported notification method: didChangeStatus
2025-10-10 12:36:36,810 [ERROR] LogOutputStream:75 - [STDERR_REDIRECT] 
2025-10-10 12:36:36,857 [ERROR] LogOutputStream:75 - [STDERR_REDIRECT] Oct 10, 2025 12:36:36 PM org.eclipse.lsp4j.jsonrpc.services.GenericEndpoint notify
2025-10-10 12:36:36,858 [ERROR] LogOutputStream:75 - [STDERR_REDIRECT] WARNING: Unsupported notification method: statusNotification
2025-10-10 12:36:36,859 [ERROR] LogOutputStream:75 - [STDERR_REDIRECT] 
2025-10-10 12:36:36,861 [ERROR] LogOutputStream:75 - [STDERR_REDIRECT] Oct 10, 2025 12:36:36 PM org.eclipse.lsp4j.jsonrpc.services.GenericEndpoint notify
2025-10-10 12:36:36,862 [ERROR] LogOutputStream:75 - [STDERR_REDIRECT] WARNING: Unsupported notification method: didChangeStatus
2025-10-10 12:36:36,862 [ERROR] LogOutputStream:75 - [STDERR_REDIRECT] 
2025-10-10 12:36:37,903 [ERROR] LogOutputStream:75 - [STDERR_REDIRECT] Oct 10, 2025 12:36:37 PM org.eclipse.lsp4j.jsonrpc.services.GenericEndpoint notify
2025-10-10 12:36:37,906 [ERROR] LogOutputStream:75 - [STDERR_REDIRECT] WARNING: Unsupported notification method: statusNotification
2025-10-10 12:36:37,907 [ERROR] LogOutputStream:75 - [STDERR_REDIRECT] 
2025-10-10 12:36:37,910 [ERROR] LogOutputStream:75 - [STDERR_REDIRECT] Oct 10, 2025 12:36:37 PM org.eclipse.lsp4j.jsonrpc.services.GenericEndpoint notify
2025-10-10 12:36:37,912 [ERROR] LogOutputStream:75 - [STDERR_REDIRECT] WARNING: Unsupported notification method: didChangeStatus
2025-10-10 12:36:37,913 [ERROR] LogOutputStream:75 - [STDERR_REDIRECT] 
2025-10-10 12:36:38,407 [ERROR] LogOutputStream:75 - [STDERR_REDIRECT] Oct 10, 2025 12:36:38 PM org.eclipse.lsp4j.jsonrpc.services.GenericEndpoint notify
2025-10-10 12:36:38,412 [ERROR] LogOutputStream:75 - [STDERR_REDIRECT] WARNING: Unsupported notification method: statusNotification
2025-10-10 12:36:38,413 [ERROR] LogOutputStream:75 - [STDERR_REDIRECT] 
2025-10-10 12:36:38,418 [ERROR] LogOutputStream:75 - [STDERR_REDIRECT] Oct 10, 2025 12:36:38 PM org.eclipse.lsp4j.jsonrpc.services.GenericEndpoint notify
2025-10-10 12:36:38,423 [ERROR] LogOutputStream:75 - [STDERR_REDIRECT] WARNING: Unsupported notification method: didChangeStatus
2025-10-10 12:36:38,424 [ERROR] LogOutputStream:75 - [STDERR_REDIRECT] 
2025-10-10 12:36:38,778 [ERROR] LogOutputStream:75 - [STDERR_REDIRECT] Oct 10, 2025 12:36:38 PM org.eclipse.lsp4j.jsonrpc.services.GenericEndpoint notify
2025-10-10 12:36:38,781 [ERROR] LogOutputStream:75 - [STDERR_REDIRECT] WARNING: Unsupported notification method: statusNotification
2025-10-10 12:36:38,782 [ERROR] LogOutputStream:75 - [STDERR_REDIRECT] 
2025-10-10 12:36:38,787 [ERROR] LogOutputStream:75 - [STDERR_REDIRECT] Oct 10, 2025 12:36:38 PM org.eclipse.lsp4j.jsonrpc.services.GenericEndpoint notify
2025-10-10 12:36:38,790 [ERROR] LogOutputStream:75 - [STDERR_REDIRECT] WARNING: Unsupported notification method: didChangeStatus
2025-10-10 12:36:38,791 [ERROR] LogOutputStream:75 - [STDERR_REDIRECT] 
2025-10-10 12:36:47,952 [ERROR] LogOutputStream:75 - [STDERR_REDIRECT] Oct 10, 2025 12:36:47 PM org.eclipse.lsp4j.jsonrpc.services.GenericEndpoint notify
2025-10-10 12:36:47,954 [ERROR] LogOutputStream:75 - [STDERR_REDIRECT] WARNING: Unsupported notification method: statusNotification
2025-10-10 12:36:47,954 [ERROR] LogOutputStream:75 - [STDERR_REDIRECT] 
2025-10-10 12:36:47,957 [ERROR] LogOutputStream:75 - [STDERR_REDIRECT] Oct 10, 2025 12:36:47 PM org.eclipse.lsp4j.jsonrpc.services.GenericEndpoint notify
2025-10-10 12:36:47,959 [ERROR] LogOutputStream:75 - [STDERR_REDIRECT] WARNING: Unsupported notification method: didChangeStatus
2025-10-10 12:36:47,959 [ERROR] LogOutputStream:75 - [STDERR_REDIRECT] 
2025-10-10 12:36:48,366 [ERROR] LogOutputStream:75 - [STDERR_REDIRECT] Oct 10, 2025 12:36:48 PM org.eclipse.lsp4j.jsonrpc.services.GenericEndpoint notify
2025-10-10 12:36:48,370 [ERROR] LogOutputStream:75 - [STDERR_REDIRECT] WARNING: Unsupported notification method: statusNotification
2025-10-10 12:36:48,375 [ERROR] LogOutputStream:75 - [STDERR_REDIRECT] 
2025-10-10 12:36:48,383 [ERROR] LogOutputStream:75 - [STDERR_REDIRECT] Oct 10, 2025 12:36:48 PM org.eclipse.lsp4j.jsonrpc.services.GenericEndpoint notify
2025-10-10 12:36:48,386 [ERROR] LogOutputStream:75 - [STDERR_REDIRECT] WARNING: Unsupported notification method: didChangeStatus
2025-10-10 12:36:48,386 [ERROR] LogOutputStream:75 - [STDERR_REDIRECT] 
2025-10-10 12:36:48,409 [ERROR] LogOutputStream:75 - [STDERR_REDIRECT] Oct 10, 2025 12:36:48 PM org.eclipse.lsp4j.jsonrpc.services.GenericEndpoint notify
2025-10-10 12:36:48,411 [ERROR] LogOutputStream:75 - [STDERR_REDIRECT] WARNING: Unsupported notification method: statusNotification
2025-10-10 12:36:48,411 [ERROR] LogOutputStream:75 - [STDERR_REDIRECT] 
2025-10-10 12:36:48,412 [ERROR] LogOutputStream:75 - [STDERR_REDIRECT] Oct 10, 2025 12:36:48 PM org.eclipse.lsp4j.jsonrpc.services.GenericEndpoint notify
2025-10-10 12:36:48,413 [ERROR] LogOutputStream:75 - [STDERR_REDIRECT] WARNING: Unsupported notification method: didChangeStatus
2025-10-10 12:36:48,413 [ERROR] LogOutputStream:75 - [STDERR_REDIRECT] 
2025-10-10 12:36:48,758 [ERROR] LogOutputStream:75 - [STDERR_REDIRECT] Oct 10, 2025 12:36:48 PM org.eclipse.lsp4j.jsonrpc.services.GenericEndpoint notify
2025-10-10 12:36:48,762 [ERROR] LogOutputStream:75 - [STDERR_REDIRECT] WARNING: Unsupported notification method: statusNotification
2025-10-10 12:36:48,762 [ERROR] LogOutputStream:75 - [STDERR_REDIRECT] 
2025-10-10 12:36:48,766 [ERROR] LogOutputStream:75 - [STDERR_REDIRECT] Oct 10, 2025 12:36:48 PM org.eclipse.lsp4j.jsonrpc.services.GenericEndpoint notify
2025-10-10 12:36:48,769 [ERROR] LogOutputStream:75 - [STDERR_REDIRECT] WARNING: Unsupported notification method: didChangeStatus
2025-10-10 12:36:48,770 [ERROR] LogOutputStream:75 - [STDERR_REDIRECT] 
2025-10-10 12:37:05,717 [INFO] WebApp:194 - Connection lost
2025-10-10 12:37:05,980 [INFO] WebApp:191 - Connection restablished
2025-10-10 12:40:01,247 [ERROR] LogOutputStream:75 - [STDERR_REDIRECT] Oct 10, 2025 12:40:01 PM org.eclipse.lsp4j.jsonrpc.services.GenericEndpoint notify
2025-10-10 12:40:01,249 [ERROR] LogOutputStream:75 - [STDERR_REDIRECT] WARNING: Unsupported notification method: statusNotification
2025-10-10 12:40:01,249 [ERROR] LogOutputStream:75 - [STDERR_REDIRECT] 
2025-10-10 12:40:01,252 [ERROR] LogOutputStream:75 - [STDERR_REDIRECT] Oct 10, 2025 12:40:01 PM org.eclipse.lsp4j.jsonrpc.services.GenericEndpoint notify
2025-10-10 12:40:01,253 [ERROR] LogOutputStream:75 - [STDERR_REDIRECT] WARNING: Unsupported notification method: didChangeStatus
2025-10-10 12:40:01,253 [ERROR] LogOutputStream:75 - [STDERR_REDIRECT] 
2025-10-10 12:40:02,472 [ERROR] LogOutputStream:75 - [STDERR_REDIRECT] Oct 10, 2025 12:40:02 PM org.eclipse.lsp4j.jsonrpc.services.GenericEndpoint notify
2025-10-10 12:40:02,476 [ERROR] LogOutputStream:75 - [STDERR_REDIRECT] WARNING: Unsupported notification method: statusNotification
2025-10-10 12:40:02,477 [ERROR] LogOutputStream:75 - [STDERR_REDIRECT] 
2025-10-10 12:40:02,481 [ERROR] LogOutputStream:75 - [STDERR_REDIRECT] Oct 10, 2025 12:40:02 PM org.eclipse.lsp4j.jsonrpc.services.GenericEndpoint notify
2025-10-10 12:40:02,486 [ERROR] LogOutputStream:75 - [STDERR_REDIRECT] WARNING: Unsupported notification method: didChangeStatus
2025-10-10 12:40:02,487 [ERROR] LogOutputStream:75 - [STDERR_REDIRECT] 
2025-10-10 12:40:18,143 [ERROR] LogOutputStream:75 - [STDERR_REDIRECT] Oct 10, 2025 12:40:18 PM org.eclipse.lsp4j.jsonrpc.services.GenericEndpoint notify
2025-10-10 12:40:18,145 [ERROR] LogOutputStream:75 - [STDERR_REDIRECT] WARNING: Unsupported notification method: statusNotification
2025-10-10 12:40:18,146 [ERROR] LogOutputStream:75 - [STDERR_REDIRECT] 
2025-10-10 12:40:18,147 [ERROR] LogOutputStream:75 - [STDERR_REDIRECT] Oct 10, 2025 12:40:18 PM org.eclipse.lsp4j.jsonrpc.services.GenericEndpoint notify
2025-10-10 12:40:18,148 [ERROR] LogOutputStream:75 - [STDERR_REDIRECT] WARNING: Unsupported notification method: didChangeStatus
2025-10-10 12:40:18,148 [ERROR] LogOutputStream:75 - [STDERR_REDIRECT] 
2025-10-10 12:40:18,576 [ERROR] LogOutputStream:75 - [STDERR_REDIRECT] Oct 10, 2025 12:40:18 PM org.eclipse.lsp4j.jsonrpc.services.GenericEndpoint notify
2025-10-10 12:40:18,578 [ERROR] LogOutputStream:75 - [STDERR_REDIRECT] WARNING: Unsupported notification method: statusNotification
2025-10-10 12:40:18,578 [ERROR] LogOutputStream:75 - [STDERR_REDIRECT] 
2025-10-10 12:40:18,581 [ERROR] LogOutputStream:75 - [STDERR_REDIRECT] Oct 10, 2025 12:40:18 PM org.eclipse.lsp4j.jsonrpc.services.GenericEndpoint notify
2025-10-10 12:40:18,582 [ERROR] LogOutputStream:75 - [STDERR_REDIRECT] WARNING: Unsupported notification method: didChangeStatus
2025-10-10 12:40:18,582 [ERROR] LogOutputStream:75 - [STDERR_REDIRECT] 
2025-10-10 12:42:01,165 [ERROR] LogOutputStream:75 - [STDERR_REDIRECT] Oct 10, 2025 12:42:01 PM org.eclipse.lsp4j.jsonrpc.services.GenericEndpoint notify
2025-10-10 12:42:01,169 [ERROR] LogOutputStream:75 - [STDERR_REDIRECT] WARNING: Unsupported notification method: statusNotification
2025-10-10 12:42:01,170 [ERROR] LogOutputStream:75 - [STDERR_REDIRECT] 
2025-10-10 12:42:01,175 [ERROR] LogOutputStream:75 - [STDERR_REDIRECT] Oct 10, 2025 12:42:01 PM org.eclipse.lsp4j.jsonrpc.services.GenericEndpoint notify
2025-10-10 12:42:01,179 [ERROR] LogOutputStream:75 - [STDERR_REDIRECT] WARNING: Unsupported notification method: didChangeStatus
2025-10-10 12:42:01,179 [ERROR] LogOutputStream:75 - [STDERR_REDIRECT] 
2025-10-10 12:42:01,627 [ERROR] LogOutputStream:75 - [STDERR_REDIRECT] Oct 10, 2025 12:42:01 PM org.eclipse.lsp4j.jsonrpc.services.GenericEndpoint notify
2025-10-10 12:42:01,631 [ERROR] LogOutputStream:75 - [STDERR_REDIRECT] WARNING: Unsupported notification method: statusNotification
2025-10-10 12:42:01,632 [ERROR] LogOutputStream:75 - [STDERR_REDIRECT] 
2025-10-10 12:42:01,638 [ERROR] LogOutputStream:75 - [STDERR_REDIRECT] Oct 10, 2025 12:42:01 PM org.eclipse.lsp4j.jsonrpc.services.GenericEndpoint notify
2025-10-10 12:42:01,640 [ERROR] LogOutputStream:75 - [STDERR_REDIRECT] WARNING: Unsupported notification method: didChangeStatus
2025-10-10 12:42:01,642 [ERROR] LogOutputStream:75 - [STDERR_REDIRECT] 
2025-10-10 12:42:01,715 [ERROR] LogOutputStream:75 - [STDERR_REDIRECT] Oct 10, 2025 12:42:01 PM org.eclipse.lsp4j.jsonrpc.services.GenericEndpoint notify
2025-10-10 12:42:01,716 [ERROR] LogOutputStream:75 - [STDERR_REDIRECT] WARNING: Unsupported notification method: statusNotification
2025-10-10 12:42:01,716 [ERROR] LogOutputStream:75 - [STDERR_REDIRECT] 
2025-10-10 12:42:01,718 [ERROR] LogOutputStream:75 - [STDERR_REDIRECT] Oct 10, 2025 12:42:01 PM org.eclipse.lsp4j.jsonrpc.services.GenericEndpoint notify
2025-10-10 12:42:01,719 [ERROR] LogOutputStream:75 - [STDERR_REDIRECT] WARNING: Unsupported notification method: didChangeStatus
2025-10-10 12:42:01,719 [ERROR] LogOutputStream:75 - [STDERR_REDIRECT] 
2025-10-10 12:42:02,731 [ERROR] LogOutputStream:75 - [STDERR_REDIRECT] Oct 10, 2025 12:42:02 PM org.eclipse.lsp4j.jsonrpc.services.GenericEndpoint notify
2025-10-10 12:42:02,735 [ERROR] LogOutputStream:75 - [STDERR_REDIRECT] WARNING: Unsupported notification method: statusNotification
2025-10-10 12:42:02,736 [ERROR] LogOutputStream:75 - [STDERR_REDIRECT] 
2025-10-10 12:42:02,740 [ERROR] LogOutputStream:75 - [STDERR_REDIRECT] Oct 10, 2025 12:42:02 PM org.eclipse.lsp4j.jsonrpc.services.GenericEndpoint notify
2025-10-10 12:42:02,742 [ERROR] LogOutputStream:75 - [STDERR_REDIRECT] WARNING: Unsupported notification method: didChangeStatus
2025-10-10 12:42:02,742 [ERROR] LogOutputStream:75 - [STDERR_REDIRECT] 
2025-10-10 12:42:02,808 [ERROR] LogOutputStream:75 - [STDERR_REDIRECT] Oct 10, 2025 12:42:02 PM org.eclipse.lsp4j.jsonrpc.services.GenericEndpoint notify
2025-10-10 12:42:02,812 [ERROR] LogOutputStream:75 - [STDERR_REDIRECT] WARNING: Unsupported notification method: statusNotification
2025-10-10 12:42:02,813 [ERROR] LogOutputStream:75 - [STDERR_REDIRECT] 
2025-10-10 12:42:02,816 [ERROR] LogOutputStream:75 - [STDERR_REDIRECT] Oct 10, 2025 12:42:02 PM org.eclipse.lsp4j.jsonrpc.services.GenericEndpoint notify
2025-10-10 12:42:02,818 [ERROR] LogOutputStream:75 - [STDERR_REDIRECT] WARNING: Unsupported notification method: didChangeStatus
2025-10-10 12:42:02,818 [ERROR] LogOutputStream:75 - [STDERR_REDIRECT] 
2025-10-10 12:42:03,371 [ERROR] LogOutputStream:75 - [STDERR_REDIRECT] Oct 10, 2025 12:42:03 PM org.eclipse.lsp4j.jsonrpc.services.GenericEndpoint notify
2025-10-10 12:42:03,373 [ERROR] LogOutputStream:75 - [STDERR_REDIRECT] WARNING: Unsupported notification method: statusNotification
2025-10-10 12:42:03,373 [ERROR] LogOutputStream:75 - [STDERR_REDIRECT] 
2025-10-10 12:42:03,376 [ERROR] LogOutputStream:75 - [STDERR_REDIRECT] Oct 10, 2025 12:42:03 PM org.eclipse.lsp4j.jsonrpc.services.GenericEndpoint notify
2025-10-10 12:42:03,377 [ERROR] LogOutputStream:75 - [STDERR_REDIRECT] WARNING: Unsupported notification method: didChangeStatus
2025-10-10 12:42:03,377 [ERROR] LogOutputStream:75 - [STDERR_REDIRECT] 
2025-10-10 12:42:03,396 [ERROR] LogOutputStream:75 - [STDERR_REDIRECT] Oct 10, 2025 12:42:03 PM org.eclipse.lsp4j.jsonrpc.services.GenericEndpoint notify
2025-10-10 12:42:03,397 [ERROR] LogOutputStream:75 - [STDERR_REDIRECT] WARNING: Unsupported notification method: statusNotification
2025-10-10 12:42:03,397 [ERROR] LogOutputStream:75 - [STDERR_REDIRECT] 
2025-10-10 12:42:03,399 [ERROR] LogOutputStream:75 - [STDERR_REDIRECT] Oct 10, 2025 12:42:03 PM org.eclipse.lsp4j.jsonrpc.services.GenericEndpoint notify
2025-10-10 12:42:03,399 [ERROR] LogOutputStream:75 - [STDERR_REDIRECT] WARNING: Unsupported notification method: didChangeStatus
2025-10-10 12:42:03,400 [ERROR] LogOutputStream:75 - [STDERR_REDIRECT] 
2025-10-10 12:42:04,459 [ERROR] LogOutputStream:75 - [STDERR_REDIRECT] Oct 10, 2025 12:42:04 PM org.eclipse.lsp4j.jsonrpc.services.GenericEndpoint notify
2025-10-10 12:42:04,461 [ERROR] LogOutputStream:75 - [STDERR_REDIRECT] WARNING: Unsupported notification method: statusNotification
2025-10-10 12:42:04,461 [ERROR] LogOutputStream:75 - [STDERR_REDIRECT] 
2025-10-10 12:42:04,463 [ERROR] LogOutputStream:75 - [STDERR_REDIRECT] Oct 10, 2025 12:42:04 PM org.eclipse.lsp4j.jsonrpc.services.GenericEndpoint notify
2025-10-10 12:42:04,464 [ERROR] LogOutputStream:75 - [STDERR_REDIRECT] WARNING: Unsupported notification method: didChangeStatus
2025-10-10 12:42:04,465 [ERROR] LogOutputStream:75 - [STDERR_REDIRECT] 
2025-10-10 12:42:04,487 [ERROR] LogOutputStream:75 - [STDERR_REDIRECT] Oct 10, 2025 12:42:04 PM org.eclipse.lsp4j.jsonrpc.services.GenericEndpoint notify
2025-10-10 12:42:04,492 [ERROR] LogOutputStream:75 - [STDERR_REDIRECT] WARNING: Unsupported notification method: statusNotification
2025-10-10 12:42:04,493 [ERROR] LogOutputStream:75 - [STDERR_REDIRECT] 
2025-10-10 12:42:04,500 [ERROR] LogOutputStream:75 - [STDERR_REDIRECT] Oct 10, 2025 12:42:04 PM org.eclipse.lsp4j.jsonrpc.services.GenericEndpoint notify
2025-10-10 12:42:04,503 [ERROR] LogOutputStream:75 - [STDERR_REDIRECT] WARNING: Unsupported notification method: didChangeStatus
2025-10-10 12:42:04,504 [ERROR] LogOutputStream:75 - [STDERR_REDIRECT] 
2025-10-10 12:42:04,506 [ERROR] LogOutputStream:75 - [STDERR_REDIRECT] Oct 10, 2025 12:42:04 PM org.eclipse.lsp4j.jsonrpc.services.GenericEndpoint notify
2025-10-10 12:42:04,507 [ERROR] LogOutputStream:75 - [STDERR_REDIRECT] WARNING: Unsupported notification method: statusNotification
2025-10-10 12:42:04,508 [ERROR] LogOutputStream:75 - [STDERR_REDIRECT] 
2025-10-10 12:42:04,512 [ERROR] LogOutputStream:75 - [STDERR_REDIRECT] Oct 10, 2025 12:42:04 PM org.eclipse.lsp4j.jsonrpc.services.GenericEndpoint notify
2025-10-10 12:42:04,516 [ERROR] LogOutputStream:75 - [STDERR_REDIRECT] WARNING: Unsupported notification method: didChangeStatus
2025-10-10 12:42:04,517 [ERROR] LogOutputStream:75 - [STDERR_REDIRECT] 
2025-10-10 12:42:04,574 [ERROR] LogOutputStream:75 - [STDERR_REDIRECT] Oct 10, 2025 12:42:04 PM org.eclipse.lsp4j.jsonrpc.services.GenericEndpoint notify
2025-10-10 12:42:04,580 [ERROR] LogOutputStream:75 - [STDERR_REDIRECT] WARNING: Unsupported notification method: statusNotification
2025-10-10 12:42:04,581 [ERROR] LogOutputStream:75 - [STDERR_REDIRECT] 
2025-10-10 12:42:04,588 [ERROR] LogOutputStream:75 - [STDERR_REDIRECT] Oct 10, 2025 12:42:04 PM org.eclipse.lsp4j.jsonrpc.services.GenericEndpoint notify
2025-10-10 12:42:04,592 [ERROR] LogOutputStream:75 - [STDERR_REDIRECT] WARNING: Unsupported notification method: didChangeStatus
2025-10-10 12:42:04,592 [ERROR] LogOutputStream:75 - [STDERR_REDIRECT] 
2025-10-10 12:42:04,992 [ERROR] LogOutputStream:75 - [STDERR_REDIRECT] Oct 10, 2025 12:42:04 PM org.eclipse.lsp4j.jsonrpc.services.GenericEndpoint notify
2025-10-10 12:42:04,994 [ERROR] LogOutputStream:75 - [STDERR_REDIRECT] WARNING: Unsupported notification method: statusNotification
2025-10-10 12:42:04,994 [ERROR] LogOutputStream:75 - [STDERR_REDIRECT] 
2025-10-10 12:42:04,995 [ERROR] LogOutputStream:75 - [STDERR_REDIRECT] Oct 10, 2025 12:42:04 PM org.eclipse.lsp4j.jsonrpc.services.GenericEndpoint notify
2025-10-10 12:42:04,996 [ERROR] LogOutputStream:75 - [STDERR_REDIRECT] WARNING: Unsupported notification method: didChangeStatus
2025-10-10 12:42:04,996 [ERROR] LogOutputStream:75 - [STDERR_REDIRECT] 
2025-10-10 12:42:08,084 [ERROR] LogOutputStream:75 - [STDERR_REDIRECT] Oct 10, 2025 12:42:08 PM org.eclipse.lsp4j.jsonrpc.services.GenericEndpoint notify
2025-10-10 12:42:08,085 [ERROR] LogOutputStream:75 - [STDERR_REDIRECT] WARNING: Unsupported notification method: statusNotification
2025-10-10 12:42:08,086 [ERROR] LogOutputStream:75 - [STDERR_REDIRECT] 
2025-10-10 12:42:08,087 [ERROR] LogOutputStream:75 - [STDERR_REDIRECT] Oct 10, 2025 12:42:08 PM org.eclipse.lsp4j.jsonrpc.services.GenericEndpoint notify
2025-10-10 12:42:08,089 [ERROR] LogOutputStream:75 - [STDERR_REDIRECT] WARNING: Unsupported notification method: didChangeStatus
2025-10-10 12:42:08,089 [ERROR] LogOutputStream:75 - [STDERR_REDIRECT] 
2025-10-10 12:42:08,091 [ERROR] LogOutputStream:75 - [STDERR_REDIRECT] Oct 10, 2025 12:42:08 PM org.eclipse.lsp4j.jsonrpc.services.GenericEndpoint notify
2025-10-10 12:42:08,092 [ERROR] LogOutputStream:75 - [STDERR_REDIRECT] WARNING: Unsupported notification method: statusNotification
2025-10-10 12:42:08,093 [ERROR] LogOutputStream:75 - [STDERR_REDIRECT] 
2025-10-10 12:42:08,094 [ERROR] LogOutputStream:75 - [STDERR_REDIRECT] Oct 10, 2025 12:42:08 PM org.eclipse.lsp4j.jsonrpc.services.GenericEndpoint notify
2025-10-10 12:42:08,095 [ERROR] LogOutputStream:75 - [STDERR_REDIRECT] WARNING: Unsupported notification method: didChangeStatus
2025-10-10 12:42:08,096 [ERROR] LogOutputStream:75 - [STDERR_REDIRECT] 
2025-10-10 12:42:39,410 [ERROR] LogOutputStream:75 - [STDERR_REDIRECT] Oct 10, 2025 12:42:39 PM org.eclipse.lsp4j.jsonrpc.services.GenericEndpoint notify
2025-10-10 12:42:39,412 [ERROR] LogOutputStream:75 - [STDERR_REDIRECT] WARNING: Unsupported notification method: statusNotification
2025-10-10 12:42:39,413 [ERROR] LogOutputStream:75 - [STDERR_REDIRECT] 
2025-10-10 12:42:39,416 [ERROR] LogOutputStream:75 - [STDERR_REDIRECT] Oct 10, 2025 12:42:39 PM org.eclipse.lsp4j.jsonrpc.services.GenericEndpoint notify
2025-10-10 12:42:39,417 [ERROR] LogOutputStream:75 - [STDERR_REDIRECT] WARNING: Unsupported notification method: didChangeStatus
2025-10-10 12:42:39,417 [ERROR] LogOutputStream:75 - [STDERR_REDIRECT] 
2025-10-10 12:42:39,420 [ERROR] LogOutputStream:75 - [STDERR_REDIRECT] Oct 10, 2025 12:42:39 PM org.eclipse.lsp4j.jsonrpc.services.GenericEndpoint notify
2025-10-10 12:42:39,420 [ERROR] LogOutputStream:75 - [STDERR_REDIRECT] WARNING: Unsupported notification method: statusNotification
2025-10-10 12:42:39,421 [ERROR] LogOutputStream:75 - [STDERR_REDIRECT] 
2025-10-10 12:42:39,422 [ERROR] LogOutputStream:75 - [STDERR_REDIRECT] Oct 10, 2025 12:42:39 PM org.eclipse.lsp4j.jsonrpc.services.GenericEndpoint notify
2025-10-10 12:42:39,423 [ERROR] LogOutputStream:75 - [STDERR_REDIRECT] WARNING: Unsupported notification method: didChangeStatus
2025-10-10 12:42:39,424 [ERROR] LogOutputStream:75 - [STDERR_REDIRECT] 
2025-10-10 12:42:39,544 [ERROR] LogOutputStream:75 - [STDERR_REDIRECT] Oct 10, 2025 12:42:39 PM org.eclipse.lsp4j.jsonrpc.services.GenericEndpoint notify
2025-10-10 12:42:39,546 [ERROR] LogOutputStream:75 - [STDERR_REDIRECT] WARNING: Unsupported notification method: statusNotification
2025-10-10 12:42:39,546 [ERROR] LogOutputStream:75 - [STDERR_REDIRECT] 
2025-10-10 12:42:39,547 [ERROR] LogOutputStream:75 - [STDERR_REDIRECT] Oct 10, 2025 12:42:39 PM org.eclipse.lsp4j.jsonrpc.services.GenericEndpoint notify
2025-10-10 12:42:39,548 [ERROR] LogOutputStream:75 - [STDERR_REDIRECT] WARNING: Unsupported notification method: didChangeStatus
2025-10-10 12:42:39,548 [ERROR] LogOutputStream:75 - [STDERR_REDIRECT] 
2025-10-10 12:42:39,551 [ERROR] LogOutputStream:75 - [STDERR_REDIRECT] Oct 10, 2025 12:42:39 PM org.eclipse.lsp4j.jsonrpc.services.GenericEndpoint notify
2025-10-10 12:42:39,552 [ERROR] LogOutputStream:75 - [STDERR_REDIRECT] WARNING: Unsupported notification method: statusNotification
2025-10-10 12:42:39,552 [ERROR] LogOutputStream:75 - [STDERR_REDIRECT] 
2025-10-10 12:42:39,553 [ERROR] LogOutputStream:75 - [STDERR_REDIRECT] Oct 10, 2025 12:42:39 PM org.eclipse.lsp4j.jsonrpc.services.GenericEndpoint notify
2025-10-10 12:42:39,554 [ERROR] LogOutputStream:75 - [STDERR_REDIRECT] WARNING: Unsupported notification method: didChangeStatus
2025-10-10 12:42:39,554 [ERROR] LogOutputStream:75 - [STDERR_REDIRECT] 
2025-10-10 12:42:41,047 [ERROR] LogOutputStream:75 - [STDERR_REDIRECT] Oct 10, 2025 12:42:41 PM org.eclipse.lsp4j.jsonrpc.services.GenericEndpoint notify
2025-10-10 12:42:41,049 [ERROR] LogOutputStream:75 - [STDERR_REDIRECT] WARNING: Unsupported notification method: statusNotification
2025-10-10 12:42:41,049 [ERROR] LogOutputStream:75 - [STDERR_REDIRECT] 
2025-10-10 12:42:41,052 [ERROR] LogOutputStream:75 - [STDERR_REDIRECT] Oct 10, 2025 12:42:41 PM org.eclipse.lsp4j.jsonrpc.services.GenericEndpoint notify
2025-10-10 12:42:41,054 [ERROR] LogOutputStream:75 - [STDERR_REDIRECT] WARNING: Unsupported notification method: didChangeStatus
2025-10-10 12:42:41,054 [ERROR] LogOutputStream:75 - [STDERR_REDIRECT] 
2025-10-10 12:42:41,055 [ERROR] LogOutputStream:75 - [STDERR_REDIRECT] Oct 10, 2025 12:42:41 PM org.eclipse.lsp4j.jsonrpc.services.GenericEndpoint notify
2025-10-10 12:42:41,056 [ERROR] LogOutputStream:75 - [STDERR_REDIRECT] WARNING: Unsupported notification method: statusNotification
2025-10-10 12:42:41,056 [ERROR] LogOutputStream:75 - [STDERR_REDIRECT] 
2025-10-10 12:42:41,058 [ERROR] LogOutputStream:75 - [STDERR_REDIRECT] Oct 10, 2025 12:42:41 PM org.eclipse.lsp4j.jsonrpc.services.GenericEndpoint notify
2025-10-10 12:42:41,058 [ERROR] LogOutputStream:75 - [STDERR_REDIRECT] WARNING: Unsupported notification method: didChangeStatus
2025-10-10 12:42:41,058 [ERROR] LogOutputStream:75 - [STDERR_REDIRECT] 
2025-10-10 12:42:42,492 [ERROR] LogOutputStream:75 - [STDERR_REDIRECT] Oct 10, 2025 12:42:42 PM org.eclipse.lsp4j.jsonrpc.services.GenericEndpoint notify
2025-10-10 12:42:42,494 [ERROR] LogOutputStream:75 - [STDERR_REDIRECT] WARNING: Unsupported notification method: statusNotification
2025-10-10 12:42:42,494 [ERROR] LogOutputStream:75 - [STDERR_REDIRECT] 
2025-10-10 12:42:42,498 [ERROR] LogOutputStream:75 - [STDERR_REDIRECT] Oct 10, 2025 12:42:42 PM org.eclipse.lsp4j.jsonrpc.services.GenericEndpoint notify
2025-10-10 12:42:42,499 [ERROR] LogOutputStream:75 - [STDERR_REDIRECT] WARNING: Unsupported notification method: didChangeStatus
2025-10-10 12:42:42,500 [ERROR] LogOutputStream:75 - [STDERR_REDIRECT] 
2025-10-10 12:42:43,529 [ERROR] LogOutputStream:75 - [STDERR_REDIRECT] Oct 10, 2025 12:42:43 PM org.eclipse.lsp4j.jsonrpc.services.GenericEndpoint notify
2025-10-10 12:42:43,531 [ERROR] LogOutputStream:75 - [STDERR_REDIRECT] WARNING: Unsupported notification method: statusNotification
2025-10-10 12:42:43,533 [ERROR] LogOutputStream:75 - [STDERR_REDIRECT] 
2025-10-10 12:42:43,535 [ERROR] LogOutputStream:75 - [STDERR_REDIRECT] Oct 10, 2025 12:42:43 PM org.eclipse.lsp4j.jsonrpc.services.GenericEndpoint notify
2025-10-10 12:42:43,537 [ERROR] LogOutputStream:75 - [STDERR_REDIRECT] WARNING: Unsupported notification method: didChangeStatus
2025-10-10 12:42:43,537 [ERROR] LogOutputStream:75 - [STDERR_REDIRECT] 
2025-10-10 12:42:43,564 [ERROR] LogOutputStream:75 - [STDERR_REDIRECT] Oct 10, 2025 12:42:43 PM org.eclipse.lsp4j.jsonrpc.services.GenericEndpoint notify
2025-10-10 12:42:43,565 [ERROR] LogOutputStream:75 - [STDERR_REDIRECT] WARNING: Unsupported notification method: statusNotification
2025-10-10 12:42:43,565 [ERROR] LogOutputStream:75 - [STDERR_REDIRECT] 
2025-10-10 12:42:43,567 [ERROR] LogOutputStream:75 - [STDERR_REDIRECT] Oct 10, 2025 12:42:43 PM org.eclipse.lsp4j.jsonrpc.services.GenericEndpoint notify
2025-10-10 12:42:43,569 [ERROR] LogOutputStream:75 - [STDERR_REDIRECT] WARNING: Unsupported notification method: didChangeStatus
2025-10-10 12:42:43,569 [ERROR] LogOutputStream:75 - [STDERR_REDIRECT] 
2025-10-10 12:42:44,195 [ERROR] LogOutputStream:75 - [STDERR_REDIRECT] Oct 10, 2025 12:42:44 PM org.eclipse.lsp4j.jsonrpc.services.GenericEndpoint notify
2025-10-10 12:42:44,200 [ERROR] LogOutputStream:75 - [STDERR_REDIRECT] WARNING: Unsupported notification method: statusNotification
2025-10-10 12:42:44,201 [ERROR] LogOutputStream:75 - [STDERR_REDIRECT] 
2025-10-10 12:42:44,209 [ERROR] LogOutputStream:75 - [STDERR_REDIRECT] Oct 10, 2025 12:42:44 PM org.eclipse.lsp4j.jsonrpc.services.GenericEndpoint notify
2025-10-10 12:42:44,212 [ERROR] LogOutputStream:75 - [STDERR_REDIRECT] WARNING: Unsupported notification method: didChangeStatus
2025-10-10 12:42:44,213 [ERROR] LogOutputStream:75 - [STDERR_REDIRECT] 
2025-10-10 12:42:44,251 [ERROR] LogOutputStream:75 - [STDERR_REDIRECT] Oct 10, 2025 12:42:44 PM org.eclipse.lsp4j.jsonrpc.services.GenericEndpoint notify
2025-10-10 12:42:44,253 [ERROR] LogOutputStream:75 - [STDERR_REDIRECT] WARNING: Unsupported notification method: statusNotification
2025-10-10 12:42:44,253 [ERROR] LogOutputStream:75 - [STDERR_REDIRECT] 
2025-10-10 12:42:44,254 [ERROR] LogOutputStream:75 - [STDERR_REDIRECT] Oct 10, 2025 12:42:44 PM org.eclipse.lsp4j.jsonrpc.services.GenericEndpoint notify
2025-10-10 12:42:44,255 [ERROR] LogOutputStream:75 - [STDERR_REDIRECT] WARNING: Unsupported notification method: didChangeStatus
2025-10-10 12:42:44,255 [ERROR] LogOutputStream:75 - [STDERR_REDIRECT] 
2025-10-10 12:42:44,257 [ERROR] LogOutputStream:75 - [STDERR_REDIRECT] Oct 10, 2025 12:42:44 PM org.eclipse.lsp4j.jsonrpc.services.GenericEndpoint notify
2025-10-10 12:42:44,258 [ERROR] LogOutputStream:75 - [STDERR_REDIRECT] WARNING: Unsupported notification method: statusNotification
2025-10-10 12:42:44,258 [ERROR] LogOutputStream:75 - [STDERR_REDIRECT] 
2025-10-10 12:42:44,260 [ERROR] LogOutputStream:75 - [STDERR_REDIRECT] Oct 10, 2025 12:42:44 PM org.eclipse.lsp4j.jsonrpc.services.GenericEndpoint notify
2025-10-10 12:42:44,261 [ERROR] LogOutputStream:75 - [STDERR_REDIRECT] WARNING: Unsupported notification method: didChangeStatus
2025-10-10 12:42:44,262 [ERROR] LogOutputStream:75 - [STDERR_REDIRECT] 
2025-10-10 12:42:44,290 [ERROR] LogOutputStream:75 - [STDERR_REDIRECT] Oct 10, 2025 12:42:44 PM org.eclipse.lsp4j.jsonrpc.services.GenericEndpoint notify
2025-10-10 12:42:44,291 [ERROR] LogOutputStream:75 - [STDERR_REDIRECT] WARNING: Unsupported notification method: statusNotification
2025-10-10 12:42:44,292 [ERROR] LogOutputStream:75 - [STDERR_REDIRECT] 
2025-10-10 12:42:44,293 [ERROR] LogOutputStream:75 - [STDERR_REDIRECT] Oct 10, 2025 12:42:44 PM org.eclipse.lsp4j.jsonrpc.services.GenericEndpoint notify
2025-10-10 12:42:44,294 [ERROR] LogOutputStream:75 - [STDERR_REDIRECT] WARNING: Unsupported notification method: didChangeStatus
2025-10-10 12:42:44,294 [ERROR] LogOutputStream:75 - [STDERR_REDIRECT] 
2025-10-10 12:42:44,718 [ERROR] LogOutputStream:75 - [STDERR_REDIRECT] Oct 10, 2025 12:42:44 PM org.eclipse.lsp4j.jsonrpc.services.GenericEndpoint notify
2025-10-10 12:42:44,773 [ERROR] LogOutputStream:75 - [STDERR_REDIRECT] WARNING: Unsupported notification method: statusNotification
2025-10-10 12:42:44,773 [ERROR] LogOutputStream:75 - [STDERR_REDIRECT] 
2025-10-10 12:42:44,775 [ERROR] LogOutputStream:75 - [STDERR_REDIRECT] Oct 10, 2025 12:42:44 PM org.eclipse.lsp4j.jsonrpc.services.GenericEndpoint notify
2025-10-10 12:42:44,775 [ERROR] LogOutputStream:75 - [STDERR_REDIRECT] WARNING: Unsupported notification method: didChangeStatus
2025-10-10 12:42:44,776 [ERROR] LogOutputStream:75 - [STDERR_REDIRECT] 
2025-10-10 12:42:49,770 [ERROR] LogOutputStream:75 - [STDERR_REDIRECT] Oct 10, 2025 12:42:49 PM org.eclipse.lsp4j.jsonrpc.services.GenericEndpoint notify
2025-10-10 12:42:49,770 [ERROR] LogOutputStream:75 - [STDERR_REDIRECT] WARNING: Unsupported notification method: statusNotification
2025-10-10 12:42:49,771 [ERROR] LogOutputStream:75 - [STDERR_REDIRECT] 
2025-10-10 12:42:49,772 [ERROR] LogOutputStream:75 - [STDERR_REDIRECT] Oct 10, 2025 12:42:49 PM org.eclipse.lsp4j.jsonrpc.services.GenericEndpoint notify
2025-10-10 12:42:49,773 [ERROR] LogOutputStream:75 - [STDERR_REDIRECT] WARNING: Unsupported notification method: didChangeStatus
2025-10-10 12:42:49,773 [ERROR] LogOutputStream:75 - [STDERR_REDIRECT] 
2025-10-10 12:42:49,775 [ERROR] LogOutputStream:75 - [STDERR_REDIRECT] Oct 10, 2025 12:42:49 PM org.eclipse.lsp4j.jsonrpc.services.GenericEndpoint notify
2025-10-10 12:42:49,776 [ERROR] LogOutputStream:75 - [STDERR_REDIRECT] WARNING: Unsupported notification method: statusNotification
2025-10-10 12:42:49,776 [ERROR] LogOutputStream:75 - [STDERR_REDIRECT] 
2025-10-10 12:42:49,777 [ERROR] LogOutputStream:75 - [STDERR_REDIRECT] Oct 10, 2025 12:42:49 PM org.eclipse.lsp4j.jsonrpc.services.GenericEndpoint notify
2025-10-10 12:42:49,777 [ERROR] LogOutputStream:75 - [STDERR_REDIRECT] WARNING: Unsupported notification method: didChangeStatus
2025-10-10 12:42:49,778 [ERROR] LogOutputStream:75 - [STDERR_REDIRECT] 
2025-10-10 12:43:17,384 [ERROR] LogOutputStream:75 - [STDERR_REDIRECT] Oct 10, 2025 12:43:17 PM org.eclipse.lsp4j.jsonrpc.services.GenericEndpoint notify
2025-10-10 12:43:17,385 [ERROR] LogOutputStream:75 - [STDERR_REDIRECT] WARNING: Unsupported notification method: statusNotification
2025-10-10 12:43:17,385 [ERROR] LogOutputStream:75 - [STDERR_REDIRECT] 
2025-10-10 12:43:17,387 [ERROR] LogOutputStream:75 - [STDERR_REDIRECT] Oct 10, 2025 12:43:17 PM org.eclipse.lsp4j.jsonrpc.services.GenericEndpoint notify
2025-10-10 12:43:17,387 [ERROR] LogOutputStream:75 - [STDERR_REDIRECT] WARNING: Unsupported notification method: didChangeStatus
2025-10-10 12:43:17,387 [ERROR] LogOutputStream:75 - [STDERR_REDIRECT] 
2025-10-10 12:43:17,691 [ERROR] LogOutputStream:75 - [STDERR_REDIRECT] Oct 10, 2025 12:43:17 PM org.eclipse.lsp4j.jsonrpc.services.GenericEndpoint notify
2025-10-10 12:43:17,696 [ERROR] LogOutputStream:75 - [STDERR_REDIRECT] WARNING: Unsupported notification method: statusNotification
2025-10-10 12:43:17,696 [ERROR] LogOutputStream:75 - [STDERR_REDIRECT] 
2025-10-10 12:43:17,699 [ERROR] LogOutputStream:75 - [STDERR_REDIRECT] Oct 10, 2025 12:43:17 PM org.eclipse.lsp4j.jsonrpc.services.GenericEndpoint notify
2025-10-10 12:43:17,701 [ERROR] LogOutputStream:75 - [STDERR_REDIRECT] WARNING: Unsupported notification method: didChangeStatus
2025-10-10 12:43:17,701 [ERROR] LogOutputStream:75 - [STDERR_REDIRECT] 
2025-10-10 12:43:18,764 [ERROR] LogOutputStream:75 - [STDERR_REDIRECT] Oct 10, 2025 12:43:18 PM org.eclipse.lsp4j.jsonrpc.services.GenericEndpoint notify
2025-10-10 12:43:18,766 [ERROR] LogOutputStream:75 - [STDERR_REDIRECT] WARNING: Unsupported notification method: statusNotification
2025-10-10 12:43:18,766 [ERROR] LogOutputStream:75 - [STDERR_REDIRECT] 
2025-10-10 12:43:18,769 [ERROR] LogOutputStream:75 - [STDERR_REDIRECT] Oct 10, 2025 12:43:18 PM org.eclipse.lsp4j.jsonrpc.services.GenericEndpoint notify
2025-10-10 12:43:18,771 [ERROR] LogOutputStream:75 - [STDERR_REDIRECT] WARNING: Unsupported notification method: didChangeStatus
2025-10-10 12:43:18,772 [ERROR] LogOutputStream:75 - [STDERR_REDIRECT] 
2025-10-10 12:43:19,620 [ERROR] LogOutputStream:75 - [STDERR_REDIRECT] Oct 10, 2025 12:43:19 PM org.eclipse.lsp4j.jsonrpc.services.GenericEndpoint notify
2025-10-10 12:43:19,621 [ERROR] LogOutputStream:75 - [STDERR_REDIRECT] WARNING: Unsupported notification method: statusNotification
2025-10-10 12:43:19,621 [ERROR] LogOutputStream:75 - [STDERR_REDIRECT] 
2025-10-10 12:43:19,623 [ERROR] LogOutputStream:75 - [STDERR_REDIRECT] Oct 10, 2025 12:43:19 PM org.eclipse.lsp4j.jsonrpc.services.GenericEndpoint notify
2025-10-10 12:43:19,624 [ERROR] LogOutputStream:75 - [STDERR_REDIRECT] WARNING: Unsupported notification method: didChangeStatus
2025-10-10 12:43:19,625 [ERROR] LogOutputStream:75 - [STDERR_REDIRECT] 
2025-10-10 12:43:19,653 [ERROR] LogOutputStream:75 - [STDERR_REDIRECT] Oct 10, 2025 12:43:19 PM org.eclipse.lsp4j.jsonrpc.services.GenericEndpoint notify
2025-10-10 12:43:19,653 [ERROR] LogOutputStream:75 - [STDERR_REDIRECT] WARNING: Unsupported notification method: statusNotification
2025-10-10 12:43:19,653 [ERROR] LogOutputStream:75 - [STDERR_REDIRECT] 
2025-10-10 12:43:19,655 [ERROR] LogOutputStream:75 - [STDERR_REDIRECT] Oct 10, 2025 12:43:19 PM org.eclipse.lsp4j.jsonrpc.services.GenericEndpoint notify
2025-10-10 12:43:19,655 [ERROR] LogOutputStream:75 - [STDERR_REDIRECT] WARNING: Unsupported notification method: didChangeStatus
2025-10-10 12:43:19,656 [ERROR] LogOutputStream:75 - [STDERR_REDIRECT] 
2025-10-10 12:43:21,665 [ERROR] LogOutputStream:75 - [STDERR_REDIRECT] Oct 10, 2025 12:43:21 PM org.eclipse.lsp4j.jsonrpc.services.GenericEndpoint notify
2025-10-10 12:43:21,666 [ERROR] LogOutputStream:75 - [STDERR_REDIRECT] WARNING: Unsupported notification method: statusNotification
2025-10-10 12:43:21,666 [ERROR] LogOutputStream:75 - [STDERR_REDIRECT] 
2025-10-10 12:43:21,667 [ERROR] LogOutputStream:75 - [STDERR_REDIRECT] Oct 10, 2025 12:43:21 PM org.eclipse.lsp4j.jsonrpc.services.GenericEndpoint notify
2025-10-10 12:43:21,668 [ERROR] LogOutputStream:75 - [STDERR_REDIRECT] WARNING: Unsupported notification method: didChangeStatus
2025-10-10 12:43:21,668 [ERROR] LogOutputStream:75 - [STDERR_REDIRECT] 
2025-10-10 12:43:34,738 [ERROR] LogOutputStream:75 - [STDERR_REDIRECT] Oct 10, 2025 12:43:34 PM org.eclipse.lsp4j.jsonrpc.services.GenericEndpoint notify
2025-10-10 12:43:34,741 [ERROR] LogOutputStream:75 - [STDERR_REDIRECT] WARNING: Unsupported notification method: statusNotification
2025-10-10 12:43:34,741 [ERROR] LogOutputStream:75 - [STDERR_REDIRECT] 
2025-10-10 12:43:34,745 [ERROR] LogOutputStream:75 - [STDERR_REDIRECT] Oct 10, 2025 12:43:34 PM org.eclipse.lsp4j.jsonrpc.services.GenericEndpoint notify
2025-10-10 12:43:34,746 [ERROR] LogOutputStream:75 - [STDERR_REDIRECT] WARNING: Unsupported notification method: didChangeStatus
2025-10-10 12:43:34,747 [ERROR] LogOutputStream:75 - [STDERR_REDIRECT] 
2025-10-10 12:43:35,389 [ERROR] LogOutputStream:75 - [STDERR_REDIRECT] Oct 10, 2025 12:43:35 PM org.eclipse.lsp4j.jsonrpc.services.GenericEndpoint notify
2025-10-10 12:43:35,393 [ERROR] LogOutputStream:75 - [STDERR_REDIRECT] WARNING: Unsupported notification method: statusNotification
2025-10-10 12:43:35,393 [ERROR] LogOutputStream:75 - [STDERR_REDIRECT] 
2025-10-10 12:43:35,400 [ERROR] LogOutputStream:75 - [STDERR_REDIRECT] Oct 10, 2025 12:43:35 PM org.eclipse.lsp4j.jsonrpc.services.GenericEndpoint notify
2025-10-10 12:43:35,401 [ERROR] LogOutputStream:75 - [STDERR_REDIRECT] WARNING: Unsupported notification method: didChangeStatus
2025-10-10 12:43:35,401 [ERROR] LogOutputStream:75 - [STDERR_REDIRECT] 
2025-10-10 12:43:35,416 [ERROR] LogOutputStream:75 - [STDERR_REDIRECT] Oct 10, 2025 12:43:35 PM org.eclipse.lsp4j.jsonrpc.services.GenericEndpoint notify
2025-10-10 12:43:35,417 [ERROR] LogOutputStream:75 - [STDERR_REDIRECT] WARNING: Unsupported notification method: statusNotification
2025-10-10 12:43:35,417 [ERROR] LogOutputStream:75 - [STDERR_REDIRECT] 
2025-10-10 12:43:35,418 [ERROR] LogOutputStream:75 - [STDERR_REDIRECT] Oct 10, 2025 12:43:35 PM org.eclipse.lsp4j.jsonrpc.services.GenericEndpoint notify
2025-10-10 12:43:35,419 [ERROR] LogOutputStream:75 - [STDERR_REDIRECT] WARNING: Unsupported notification method: didChangeStatus
2025-10-10 12:43:35,420 [ERROR] LogOutputStream:75 - [STDERR_REDIRECT] 
2025-10-10 12:43:37,798 [ERROR] LogOutputStream:75 - [STDERR_REDIRECT] Oct 10, 2025 12:43:37 PM org.eclipse.lsp4j.jsonrpc.services.GenericEndpoint notify
2025-10-10 12:43:37,798 [ERROR] LogOutputStream:75 - [STDERR_REDIRECT] WARNING: Unsupported notification method: statusNotification
2025-10-10 12:43:37,798 [ERROR] LogOutputStream:75 - [STDERR_REDIRECT] 
2025-10-10 12:43:37,805 [ERROR] LogOutputStream:75 - [STDERR_REDIRECT] Oct 10, 2025 12:43:37 PM org.eclipse.lsp4j.jsonrpc.services.GenericEndpoint notify
2025-10-10 12:43:37,809 [ERROR] LogOutputStream:75 - [STDERR_REDIRECT] WARNING: Unsupported notification method: didChangeStatus
2025-10-10 12:43:37,810 [ERROR] LogOutputStream:75 - [STDERR_REDIRECT] 
2025-10-10 12:43:37,866 [ERROR] LogOutputStream:75 - [STDERR_REDIRECT] Oct 10, 2025 12:43:37 PM org.eclipse.lsp4j.jsonrpc.services.GenericEndpoint notify
2025-10-10 12:43:37,867 [ERROR] LogOutputStream:75 - [STDERR_REDIRECT] WARNING: Unsupported notification method: statusNotification
2025-10-10 12:43:37,868 [ERROR] LogOutputStream:75 - [STDERR_REDIRECT] 
2025-10-10 12:43:37,870 [ERROR] LogOutputStream:75 - [STDERR_REDIRECT] Oct 10, 2025 12:43:37 PM org.eclipse.lsp4j.jsonrpc.services.GenericEndpoint notify
2025-10-10 12:43:37,872 [ERROR] LogOutputStream:75 - [STDERR_REDIRECT] WARNING: Unsupported notification method: didChangeStatus
2025-10-10 12:43:37,872 [ERROR] LogOutputStream:75 - [STDERR_REDIRECT] 
2025-10-10 12:43:38,294 [ERROR] LogOutputStream:75 - [STDERR_REDIRECT] Oct 10, 2025 12:43:38 PM org.eclipse.lsp4j.jsonrpc.services.GenericEndpoint notify
2025-10-10 12:43:38,296 [ERROR] LogOutputStream:75 - [STDERR_REDIRECT] WARNING: Unsupported notification method: statusNotification
2025-10-10 12:43:38,296 [ERROR] LogOutputStream:75 - [STDERR_REDIRECT] 
2025-10-10 12:43:38,299 [ERROR] LogOutputStream:75 - [STDERR_REDIRECT] Oct 10, 2025 12:43:38 PM org.eclipse.lsp4j.jsonrpc.services.GenericEndpoint notify
2025-10-10 12:43:38,300 [ERROR] LogOutputStream:75 - [STDERR_REDIRECT] WARNING: Unsupported notification method: didChangeStatus
2025-10-10 12:43:38,301 [ERROR] LogOutputStream:75 - [STDERR_REDIRECT] 
2025-10-10 12:44:08,064 [ERROR] LogOutputStream:75 - [STDERR_REDIRECT] Oct 10, 2025 12:44:08 PM org.eclipse.lsp4j.jsonrpc.services.GenericEndpoint notify
2025-10-10 12:44:08,065 [ERROR] LogOutputStream:75 - [STDERR_REDIRECT] WARNING: Unsupported notification method: statusNotification
2025-10-10 12:44:08,066 [ERROR] LogOutputStream:75 - [STDERR_REDIRECT] 
2025-10-10 12:44:08,068 [ERROR] LogOutputStream:75 - [STDERR_REDIRECT] Oct 10, 2025 12:44:08 PM org.eclipse.lsp4j.jsonrpc.services.GenericEndpoint notify
2025-10-10 12:44:08,069 [ERROR] LogOutputStream:75 - [STDERR_REDIRECT] WARNING: Unsupported notification method: didChangeStatus
2025-10-10 12:44:08,069 [ERROR] LogOutputStream:75 - [STDERR_REDIRECT] 
2025-10-10 12:44:08,856 [ERROR] LogOutputStream:75 - [STDERR_REDIRECT] Oct 10, 2025 12:44:08 PM org.eclipse.lsp4j.jsonrpc.services.GenericEndpoint notify
2025-10-10 12:44:08,857 [ERROR] LogOutputStream:75 - [STDERR_REDIRECT] WARNING: Unsupported notification method: statusNotification
2025-10-10 12:44:08,857 [ERROR] LogOutputStream:75 - [STDERR_REDIRECT] 
2025-10-10 12:44:08,859 [ERROR] LogOutputStream:75 - [STDERR_REDIRECT] Oct 10, 2025 12:44:08 PM org.eclipse.lsp4j.jsonrpc.services.GenericEndpoint notify
2025-10-10 12:44:08,859 [ERROR] LogOutputStream:75 - [STDERR_REDIRECT] WARNING: Unsupported notification method: didChangeStatus
2025-10-10 12:44:08,860 [ERROR] LogOutputStream:75 - [STDERR_REDIRECT] 
2025-10-10 12:44:09,524 [ERROR] LogOutputStream:75 - [STDERR_REDIRECT] Oct 10, 2025 12:44:09 PM org.eclipse.lsp4j.jsonrpc.services.GenericEndpoint notify
2025-10-10 12:44:09,525 [ERROR] LogOutputStream:75 - [STDERR_REDIRECT] WARNING: Unsupported notification method: statusNotification
2025-10-10 12:44:09,526 [ERROR] LogOutputStream:75 - [STDERR_REDIRECT] 
2025-10-10 12:44:09,529 [ERROR] LogOutputStream:75 - [STDERR_REDIRECT] Oct 10, 2025 12:44:09 PM org.eclipse.lsp4j.jsonrpc.services.GenericEndpoint notify
2025-10-10 12:44:09,530 [ERROR] LogOutputStream:75 - [STDERR_REDIRECT] WARNING: Unsupported notification method: didChangeStatus
2025-10-10 12:44:09,531 [ERROR] LogOutputStream:75 - [STDERR_REDIRECT] 
2025-10-10 12:44:09,939 [ERROR] LogOutputStream:75 - [STDERR_REDIRECT] Oct 10, 2025 12:44:09 PM org.eclipse.lsp4j.jsonrpc.services.GenericEndpoint notify
2025-10-10 12:44:09,941 [ERROR] LogOutputStream:75 - [STDERR_REDIRECT] WARNING: Unsupported notification method: statusNotification
2025-10-10 12:44:09,941 [ERROR] LogOutputStream:75 - [STDERR_REDIRECT] 
2025-10-10 12:44:09,945 [ERROR] LogOutputStream:75 - [STDERR_REDIRECT] Oct 10, 2025 12:44:09 PM org.eclipse.lsp4j.jsonrpc.services.GenericEndpoint notify
2025-10-10 12:44:09,947 [ERROR] LogOutputStream:75 - [STDERR_REDIRECT] WARNING: Unsupported notification method: didChangeStatus
2025-10-10 12:44:09,948 [ERROR] LogOutputStream:75 - [STDERR_REDIRECT] 
2025-10-10 12:44:10,017 [ERROR] LogOutputStream:75 - [STDERR_REDIRECT] Oct 10, 2025 12:44:10 PM org.eclipse.lsp4j.jsonrpc.services.GenericEndpoint notify
2025-10-10 12:44:10,018 [ERROR] LogOutputStream:75 - [STDERR_REDIRECT] WARNING: Unsupported notification method: statusNotification
2025-10-10 12:44:10,018 [ERROR] LogOutputStream:75 - [STDERR_REDIRECT] 
2025-10-10 12:44:10,020 [ERROR] LogOutputStream:75 - [STDERR_REDIRECT] Oct 10, 2025 12:44:10 PM org.eclipse.lsp4j.jsonrpc.services.GenericEndpoint notify
2025-10-10 12:44:10,021 [ERROR] LogOutputStream:75 - [STDERR_REDIRECT] WARNING: Unsupported notification method: didChangeStatus
2025-10-10 12:44:10,021 [ERROR] LogOutputStream:75 - [STDERR_REDIRECT] 
2025-10-10 12:44:10,423 [ERROR] LogOutputStream:75 - [STDERR_REDIRECT] Oct 10, 2025 12:44:10 PM org.eclipse.lsp4j.jsonrpc.services.GenericEndpoint notify
2025-10-10 12:44:10,426 [ERROR] LogOutputStream:75 - [STDERR_REDIRECT] WARNING: Unsupported notification method: statusNotification
2025-10-10 12:44:10,427 [ERROR] LogOutputStream:75 - [STDERR_REDIRECT] 
2025-10-10 12:44:10,432 [ERROR] LogOutputStream:75 - [STDERR_REDIRECT] Oct 10, 2025 12:44:10 PM org.eclipse.lsp4j.jsonrpc.services.GenericEndpoint notify
2025-10-10 12:44:10,434 [ERROR] LogOutputStream:75 - [STDERR_REDIRECT] WARNING: Unsupported notification method: didChangeStatus
2025-10-10 12:44:10,435 [ERROR] LogOutputStream:75 - [STDERR_REDIRECT] 
2025-10-10 12:44:11,578 [ERROR] LogOutputStream:75 - [STDERR_REDIRECT] Oct 10, 2025 12:44:11 PM org.eclipse.lsp4j.jsonrpc.services.GenericEndpoint notify
2025-10-10 12:44:11,579 [ERROR] LogOutputStream:75 - [STDERR_REDIRECT] WARNING: Unsupported notification method: statusNotification
2025-10-10 12:44:11,580 [ERROR] LogOutputStream:75 - [STDERR_REDIRECT] 
2025-10-10 12:44:11,582 [ERROR] LogOutputStream:75 - [STDERR_REDIRECT] Oct 10, 2025 12:44:11 PM org.eclipse.lsp4j.jsonrpc.services.GenericEndpoint notify
2025-10-10 12:44:11,584 [ERROR] LogOutputStream:75 - [STDERR_REDIRECT] WARNING: Unsupported notification method: didChangeStatus
2025-10-10 12:44:11,586 [ERROR] LogOutputStream:75 - [STDERR_REDIRECT] 
2025-10-10 12:44:11,952 [ERROR] LogOutputStream:75 - [STDERR_REDIRECT] Oct 10, 2025 12:44:11 PM org.eclipse.lsp4j.jsonrpc.services.GenericEndpoint notify
2025-10-10 12:44:11,954 [ERROR] LogOutputStream:75 - [STDERR_REDIRECT] WARNING: Unsupported notification method: statusNotification
2025-10-10 12:44:11,956 [ERROR] LogOutputStream:75 - [STDERR_REDIRECT] 
2025-10-10 12:44:11,960 [ERROR] LogOutputStream:75 - [STDERR_REDIRECT] Oct 10, 2025 12:44:11 PM org.eclipse.lsp4j.jsonrpc.services.GenericEndpoint notify
2025-10-10 12:44:11,963 [ERROR] LogOutputStream:75 - [STDERR_REDIRECT] WARNING: Unsupported notification method: didChangeStatus
2025-10-10 12:44:11,965 [ERROR] LogOutputStream:75 - [STDERR_REDIRECT] 
2025-10-10 13:28:09,656 [ERROR] LogOutputStream:75 - [STDERR_REDIRECT] 
